[10-Apr-2025 17:20:04 Europe/Berlin] Database connection successful
[10-Apr-2025 17:20:04 Europe/Berlin] Login attempt - Email: agnel@gmail.com
[10-Apr-2025 17:20:04 Europe/Berlin] Query executed, rows found: 1
[10-Apr-2025 17:20:04 Europe/Berlin] Login successful for agnel@gmail.com, redirecting to home.php
[10-Apr-2025 17:20:18 Europe/Berlin] Database connection successful
[10-Apr-2025 17:20:26 Europe/Berlin] Database connection successful
[10-Apr-2025 17:20:26 Europe/Berlin] Login attempt - Email: agnel@gmail.com
[10-Apr-2025 17:20:26 Europe/Berlin] Query executed, rows found: 1
[10-Apr-2025 17:20:26 Europe/Berlin] Login successful for agnel@gmail.com, redirecting to home.php
[10-Apr-2025 17:23:23 Europe/Berlin] Database connection successful
[10-Apr-2025 17:27:56 Europe/Berlin] Database connection successful
[10-Apr-2025 17:29:14 Europe/Berlin] Database connection successful
[10-Apr-2025 17:29:29 Europe/Berlin] Database connection successful
[10-Apr-2025 17:29:29 Europe/Berlin] Login attempt - Email: afrarmohd@gmail.com
[10-Apr-2025 17:29:29 Europe/Berlin] Query executed, rows found: 1
[10-Apr-2025 17:29:30 Europe/Berlin] Login successful for afrarmohd@gmail.com, redirecting to home.php
[10-Apr-2025 19:04:18 Europe/Berlin] Database connection successful
[10-Apr-2025 19:04:31 Europe/Berlin] Database connection successful
[10-Apr-2025 19:04:31 Europe/Berlin] Login attempt - Email: afrarmohd@gmail.com
[10-Apr-2025 19:04:31 Europe/Berlin] Query executed, rows found: 1
[10-Apr-2025 19:04:31 Europe/Berlin] Login successful for afrarmohd@gmail.com, redirecting to home.php
[12-Apr-2025 05:08:35 Europe/Berlin] Database connection successful
[12-Apr-2025 05:09:04 Europe/Berlin] Database connection successful
[12-Apr-2025 05:09:14 Europe/Berlin] Database connection successful
[12-Apr-2025 05:09:14 Europe/Berlin] Login attempt - Email: bebi@gmail.com
[12-Apr-2025 05:09:14 Europe/Berlin] Query executed, rows found: 1
[12-Apr-2025 05:09:14 Europe/Berlin] Login successful for bebi@gmail.com, redirecting to home.php
[12-Apr-2025 06:11:08 Europe/Berlin] Database connection successful
[12-Apr-2025 06:11:19 Europe/Berlin] Database connection successful
[12-Apr-2025 06:11:19 Europe/Berlin] Login attempt - Email: bebi@gmail.com
[12-Apr-2025 06:11:19 Europe/Berlin] Query executed, rows found: 1
[12-Apr-2025 06:11:19 Europe/Berlin] Login successful for bebi@gmail.com, redirecting to home.php
[12-Apr-2025 06:50:48 Europe/Berlin] Database connection successful
[12-Apr-2025 06:51:02 Europe/Berlin] Database connection successful
[12-Apr-2025 06:51:02 Europe/Berlin] Login attempt - Email: bebi@gmail.com
[12-Apr-2025 06:51:02 Europe/Berlin] Query executed, rows found: 1
[12-Apr-2025 06:51:02 Europe/Berlin] Invalid password for bebi@gmail.com
[12-Apr-2025 06:51:09 Europe/Berlin] Database connection successful
[12-Apr-2025 06:51:09 Europe/Berlin] Login attempt - Email: bebi@gmail.com
[12-Apr-2025 06:51:09 Europe/Berlin] Query executed, rows found: 1
[12-Apr-2025 06:51:10 Europe/Berlin] Login successful for bebi@gmail.com, redirecting to home.php
[12-Apr-2025 06:52:11 Europe/Berlin] Database connection successful
[12-Apr-2025 08:30:23 Europe/Berlin] Database connection successful
[12-Apr-2025 08:30:31 Europe/Berlin] Database connection successful
[12-Apr-2025 08:30:31 Europe/Berlin] Login attempt - Email: bebi@gmail.com
[12-Apr-2025 08:30:31 Europe/Berlin] Query executed, rows found: 1
[12-Apr-2025 08:30:32 Europe/Berlin] Invalid password for bebi@gmail.com
[12-Apr-2025 08:30:40 Europe/Berlin] Database connection successful
[12-Apr-2025 08:30:40 Europe/Berlin] Login attempt - Email: bebi@gmail.com
[12-Apr-2025 08:30:40 Europe/Berlin] Query executed, rows found: 1
[12-Apr-2025 08:30:41 Europe/Berlin] Login successful for bebi@gmail.com, redirecting to home.php
[12-Apr-2025 08:31:41 Europe/Berlin] Database connection successful
[12-Apr-2025 08:31:41 Europe/Berlin] Login attempt - Email: bebi@gmail.com
[12-Apr-2025 08:31:41 Europe/Berlin] Query executed, rows found: 1
[12-Apr-2025 08:31:41 Europe/Berlin] Invalid password for bebi@gmail.com
[12-Apr-2025 08:31:50 Europe/Berlin] Database connection successful
[12-Apr-2025 08:31:50 Europe/Berlin] Login attempt - Email: agnel@gmail.com
[12-Apr-2025 08:31:50 Europe/Berlin] Query executed, rows found: 1
[12-Apr-2025 08:31:51 Europe/Berlin] Login successful for agnel@gmail.com, redirecting to home.php
[12-Apr-2025 08:39:47 Europe/Berlin] Database connection successful
[12-Apr-2025 08:40:00 Europe/Berlin] Database connection successful
[12-Apr-2025 08:40:00 Europe/Berlin] Login attempt - Email: agnel@gmail.com
[12-Apr-2025 08:40:00 Europe/Berlin] Query executed, rows found: 1
[12-Apr-2025 08:40:00 Europe/Berlin] Login successful for agnel@gmail.com, redirecting to home.php
[12-Apr-2025 08:49:16 Europe/Berlin] Database connection successful
[12-Apr-2025 08:49:23 Europe/Berlin] Database connection successful
[12-Apr-2025 08:49:23 Europe/Berlin] Login attempt - Email: agnel@gmail.com
[12-Apr-2025 08:49:24 Europe/Berlin] Query executed, rows found: 1
[12-Apr-2025 08:49:24 Europe/Berlin] Login successful for agnel@gmail.com, redirecting to home.php
[12-Apr-2025 08:50:19 Europe/Berlin] Database connection successful
[12-Apr-2025 08:50:29 Europe/Berlin] Database connection successful
[12-Apr-2025 08:50:29 Europe/Berlin] Login attempt - Email: bebi@gmail.com
[12-Apr-2025 08:50:29 Europe/Berlin] Query executed, rows found: 1
[12-Apr-2025 08:50:29 Europe/Berlin] Login successful for bebi@gmail.com, redirecting to home.php
[12-Apr-2025 08:51:05 Europe/Berlin] Database connection successful
[12-Apr-2025 09:19:15 Europe/Berlin] Database connection successful
[12-Apr-2025 09:19:15 Europe/Berlin] Login attempt - Email: agnel@gmail.com
[12-Apr-2025 09:19:15 Europe/Berlin] Query executed, rows found: 1
[12-Apr-2025 09:19:16 Europe/Berlin] Login successful for agnel@gmail.com, redirecting to home.php
[12-Apr-2025 09:19:40 Europe/Berlin] Database connection successful
[12-Apr-2025 09:25:36 Europe/Berlin] Database connection successful
[12-Apr-2025 09:25:43 Europe/Berlin] Database connection successful
[12-Apr-2025 09:25:43 Europe/Berlin] Login attempt - Email: agnel@gmail.com
[12-Apr-2025 09:25:43 Europe/Berlin] Query executed, rows found: 1
[12-Apr-2025 09:25:43 Europe/Berlin] Login successful for agnel@gmail.com, redirecting to home.php
[12-Apr-2025 09:25:59 Europe/Berlin] Database connection successful
[12-Apr-2025 09:26:08 Europe/Berlin] Database connection successful
[12-Apr-2025 09:27:21 Europe/Berlin] Database connection successful
[12-Apr-2025 09:28:08 Europe/Berlin] Database connection successful
[12-Apr-2025 09:28:08 Europe/Berlin] Login attempt - Email: agnel@gmail.com
[12-Apr-2025 09:28:08 Europe/Berlin] Query executed, rows found: 1
[12-Apr-2025 09:28:08 Europe/Berlin] Login successful for agnel@gmail.com, redirecting to home.php
[20-Apr-2025 08:39:28 Europe/Berlin] Database connection successful
[20-Apr-2025 08:40:25 Europe/Berlin] Database connection successful
[20-Apr-2025 08:40:32 Europe/Berlin] Database connection successful
[20-Apr-2025 08:40:32 Europe/Berlin] Login attempt - Email: agnel@gmail.com
[20-Apr-2025 08:40:32 Europe/Berlin] Query executed, rows found: 1
[20-Apr-2025 08:40:33 Europe/Berlin] Login successful for agnel@gmail.com, redirecting to home.php
[20-Apr-2025 08:41:18 Europe/Berlin] Database connection successful
[20-Apr-2025 08:41:26 Europe/Berlin] Database connection successful
[20-Apr-2025 08:41:26 Europe/Berlin] Login attempt - Email: agnel@gmail.com
[20-Apr-2025 08:41:26 Europe/Berlin] Query executed, rows found: 1
[20-Apr-2025 08:41:26 Europe/Berlin] Login successful for agnel@gmail.com, redirecting to home.php
[20-Apr-2025 08:49:58 Europe/Berlin] Database connection successful
[20-Apr-2025 08:50:50 Europe/Berlin] Database connection successful
[20-Apr-2025 08:50:57 Europe/Berlin] Database connection successful
[20-Apr-2025 08:50:57 Europe/Berlin] Login attempt - Email: agnel@gmail.com
[20-Apr-2025 08:50:57 Europe/Berlin] Query executed, rows found: 1
[20-Apr-2025 08:50:57 Europe/Berlin] Login successful for agnel@gmail.com, redirecting to home.php
[20-Apr-2025 08:51:08 Europe/Berlin] Database connection successful
[20-Apr-2025 10:31:38 Europe/Berlin] Database connection successful
[20-Apr-2025 10:31:47 Europe/Berlin] Database connection successful
[20-Apr-2025 10:31:47 Europe/Berlin] Login attempt - Email: agnel@gmail.com
[20-Apr-2025 10:31:47 Europe/Berlin] Query executed, rows found: 1
[20-Apr-2025 10:31:47 Europe/Berlin] Login successful for agnel@gmail.com, redirecting to home.php
[21-Apr-2025 08:11:59 Europe/Berlin] Database connection successful
[21-Apr-2025 08:13:36 Europe/Berlin] Database connection successful
[21-Apr-2025 08:13:50 Europe/Berlin] Database connection successful
[21-Apr-2025 08:13:50 Europe/Berlin] Login attempt - Email: joshi@gmail.com12345678
[21-Apr-2025 08:13:50 Europe/Berlin] Query executed, rows found: 0
[21-Apr-2025 08:13:50 Europe/Berlin] No user found with email: joshi@gmail.com12345678
[21-Apr-2025 08:14:31 Europe/Berlin] Database connection successful
[21-Apr-2025 08:14:31 Europe/Berlin] Login attempt - Email: joshi@gmail.com
[21-Apr-2025 08:14:31 Europe/Berlin] Query executed, rows found: 1
[21-Apr-2025 08:14:31 Europe/Berlin] Login successful for joshi@gmail.com, redirecting to home.php
